{"level":"error","message":"Error : 500, error: la relation « view_all_event » n'existe pas ; additionnalData[object Object]","timestamp":"15-04-2024 00:22:38"}
{"level":"error","message":"Error : 500, error: la relation « view_all_event » n'existe pas ; additionnalData : [object Object]","timestamp":"15-04-2024 00:23:51"}
{"level":"error","message":"Error : 500, error: la relation « view_all_event » n'existe pas ; additionnalData : GET, /api/event, [object Object]","timestamp":"15-04-2024 00:26:03"}
{"level":"error","message":"Error : undefined, jwt malformed ; additionnalData : GET, /login/user/1/notification","timestamp":"15-04-2024 08:59:38"}
{"level":"error","message":"Error : undefined, jwt malformed ; additionnalData : GET, /login/user/1/notification","timestamp":"15-04-2024 08:59:43"}
{"level":"error","message":"Error : undefined, jwt malformed ; additionnalData : GET, /login/user/1/notification","timestamp":"15-04-2024 09:00:02"}
{"level":"error","message":"Error : 404, URL non trouvée ; additionnalData : GET, /api/news245","timestamp":"15-04-2024 11:12:34"}
{"level":"error","message":"Error : 404, URL non trouvée ; additionnalData : GET, /favicon.ico","timestamp":"15-04-2024 11:12:34"}
{"level":"error","message":"Error : 404, URL not found ; additionnalData : GET, /api/news245","timestamp":"15-04-2024 11:14:17"}
{"level":"error","message":"Error : 403, No token provided ; additionnalData : DELETE, /customize/boardmember/5","timestamp":"15-04-2024 11:18:14"}
{"level":"error","message":"Error : undefined, jwt malformed ; additionnalData : GET, /login/user/1/notification","timestamp":"15-04-2024 11:19:10"}
{"level":"error","message":"Error : undefined, jwt malformed ; additionnalData : GET, /login/user/1/notification","timestamp":"15-04-2024 11:20:09"}
{"level":"error","message":"Error : undefined, invalid signature ; additionnalData : DELETE, /customize/boardmember/5","timestamp":"15-04-2024 11:20:30"}
{"level":"error","message":"Error : undefined, jwt malformed ; additionnalData : GET, /login/user/1/notification","timestamp":"15-04-2024 11:21:10"}
{"level":"error","message":"Error : undefined, jwt malformed ; additionnalData : GET, /login/user/1/notification","timestamp":"15-04-2024 11:22:46"}
{"level":"error","message":"Error : undefined, jwt malformed ; additionnalData : GET, /login/user/1/notification","timestamp":"15-04-2024 11:23:09"}
{"level":"error","message":"Error : undefined, jwt malformed ; additionnalData : GET, /login/user/1/notification","timestamp":"15-04-2024 11:24:09"}
{"level":"error","message":"Error : undefined, jwt malformed ; additionnalData : GET, /login/user/1/notification","timestamp":"15-04-2024 11:25:09"}
{"level":"error","message":"Error : undefined, jwt malformed ; additionnalData : GET, /login/user/1/notification","timestamp":"15-04-2024 11:25:31"}
{"level":"error","message":"Error : undefined, jwt malformed ; additionnalData : POST, /api/itemreservation","timestamp":"15-04-2024 11:26:01"}
{"level":"error","message":"Error : undefined, jwt malformed ; additionnalData : GET, /login/user/1/notification","timestamp":"15-04-2024 11:26:01"}
{"level":"error","message":"Error : undefined, jwt malformed ; additionnalData : GET, /login/user/1/notification","timestamp":"15-04-2024 11:26:09"}
